{
  "stats": {
    "suites": 1,
    "tests": 1,
    "passes": 0,
    "pending": 0,
    "failures": 1,
    "start": "2023-12-05T19:35:50.023Z",
    "end": "2023-12-05T19:37:25.114Z",
    "duration": 95091,
    "testsRegistered": 1,
    "passPercent": 0,
    "pendingPercent": 0,
    "other": 0,
    "hasOther": false,
    "skipped": 0,
    "hasSkipped": false
  },
  "results": [
    {
      "uuid": "7d01e96d-fbf2-42ca-9356-ae3a529d6384",
      "title": "",
      "fullFile": "cypress/e2e/OPUS/Web/Critical_Path/test_AccountBilling.cy.js",
      "file": "cypress/e2e/OPUS/Web/Critical_Path/test_AccountBilling.cy.js",
      "beforeHooks": [],
      "afterHooks": [],
      "tests": [],
      "suites": [
        {
          "uuid": "8e12fdf3-0473-447c-b40d-6497e85c4e1d",
          "title": "Login and Post-Login Tests",
          "fullFile": "",
          "file": "",
          "beforeHooks": [],
          "afterHooks": [],
          "tests": [
            {
              "title": "Should login and then perform actions",
              "fullTitle": "Login and Post-Login Tests Should login and then perform actions",
              "timedOut": null,
              "duration": 33229,
              "state": "failed",
              "speed": null,
              "pass": false,
              "fail": true,
              "pending": false,
              "context": null,
              "code": "// Login Phase\nloginPage.visit(); // Navigates to the login page\nloginPage.fillEmail(_Test_data.default.email); // Fills in the email field\nloginPage.fillPassword(_Test_data.default.password); // Fills in the password field\nloginPage.clickLoginButton(); // Clicks the login button\nloginPage.checkNoErrorMessage(); // Checks for the absence of error messages\n// Verify successful login\ncy.url().should('include', '/home'); // Verifies that URL includes '/home', indicating a successful login\n// Actions on Home Page\nhomePage.clickCategoryItemButton(); // Clicks the category item button\nhomePage.selectCategoryItem_GI(); // Selects a specific category item\ncy.wait(5000); // Waits for 5 seconds\nhomePage.openCart(); // Opens the cart\n// Verifying the cart and proceeding to checkout\ncartPage.openProceedCheckoutPage(); // Navigates to the checkout page\n// Actions on Shipping Page\nshippingPage.OpenShippingAddresses(); // Opens the list of shipping addresses\nshippingPage.SelectShippingAddressWeb(); // Selects a specific shipping address\nshippingPage.AcceptShippingAddress(); // Confirms the shipping address\nshippingPage.OpenDeliverAddress(); // Opens delivery address options\nshippingPage.SelectDeliveryMethodWeb(); // Selects a delivery method\nshippingPage.GoNextToBillingPage(); // Navigates to the billing page\n// Actions on Billing Page\nbillingPageAccountBilling.OpenPaymentMethod(); // Opens the payment method section\nbillingPageAccountBilling.SelectPaymentMethodCreditCard(); // Selects credit card as payment method\nbillingPageAccountBilling.ReviewOrderButton(); // Clicks the review order button\nbillingPageAccountBilling.PlaceOrderButton(); // Clicks the place order button\nbillingPageAccountBilling.checkElementAndCompleteTest(); // Checks an element and concludes the test",
              "err": {
                "message": "AssertionError: Timed out retrying after 4000ms: Expected to find element: `//*[@id=\"app\"]/div/div[2]/div/div/div[2]/div[1]/div/div[2]/div/div/div[2]/div[1]/div[1]/div[2]/div/p/button`, but never found it.",
                "estack": "AssertionError: Timed out retrying after 4000ms: Expected to find element: `//*[@id=\"app\"]/div/div[2]/div/div/div[2]/div[1]/div/div[2]/div/div/div[2]/div[1]/div[1]/div[2]/div/p/button`, but never found it.\n    at ShippingPage.OpenShippingAddresses (webpack://cypressdemoe2e/./cypress/support/Critical_Path/page_objects/ShippingPage/ShippingPage.js:12:11)\n    at Context.eval (webpack://cypressdemoe2e/./cypress/e2e/OPUS/Web/Critical_Path/test_AccountBilling.cy.js:45:17)",
                "diff": null
              },
              "uuid": "0c9cbfef-2b36-4428-a360-05efc7326ad3",
              "parentUUID": "8e12fdf3-0473-447c-b40d-6497e85c4e1d",
              "isHook": false,
              "skipped": false
            }
          ],
          "suites": [],
          "passes": [],
          "failures": [
            "0c9cbfef-2b36-4428-a360-05efc7326ad3"
          ],
          "pending": [],
          "skipped": [],
          "duration": 33229,
          "root": false,
          "rootEmpty": false,
          "_timeout": 2000
        }
      ],
      "passes": [],
      "failures": [],
      "pending": [],
      "skipped": [],
      "duration": 0,
      "root": true,
      "rootEmpty": true,
      "_timeout": 2000
    }
  ],
  "meta": {
    "mocha": {
      "version": "7.0.1"
    },
    "mochawesome": {
      "options": {
        "quiet": false,
        "reportFilename": "mochawesome",
        "saveHtml": false,
        "saveJson": true,
        "consoleReporter": "spec",
        "useInlineDiffs": false,
        "code": true
      },
      "version": "7.1.3"
    },
    "marge": {
      "options": {
        "reportDir": "cypress/reports",
        "overwrite": false,
        "html": false,
        "json": true
      },
      "version": "6.2.0"
    }
  }
}