{
  "stats": {
    "suites": 1,
    "tests": 1,
    "passes": 1,
    "pending": 0,
    "failures": 0,
    "start": "2023-12-05T19:34:54.388Z",
    "end": "2023-12-05T19:35:21.047Z",
    "duration": 26659,
    "testsRegistered": 1,
    "passPercent": 100,
    "pendingPercent": 0,
    "other": 0,
    "hasOther": false,
    "skipped": 0,
    "hasSkipped": false
  },
  "results": [
    {
      "uuid": "dcd01852-1c4c-42a5-919c-6c29c2e5d10a",
      "title": "",
      "fullFile": "cypress/e2e/OPUS/Mobile/test objects/HomePage/test_SideBarMenu.cy.js",
      "file": "cypress/e2e/OPUS/Mobile/test objects/HomePage/test_SideBarMenu.cy.js",
      "beforeHooks": [],
      "afterHooks": [],
      "tests": [],
      "suites": [
        {
          "uuid": "10e1c5d7-90cc-4ad5-b9a4-1f086f9ad8c5",
          "title": "Login and HomePage Tests",
          "fullFile": "",
          "file": "",
          "beforeHooks": [],
          "afterHooks": [],
          "tests": [
            {
              "title": "Should login and then perform actions",
              "fullTitle": "Login and HomePage Tests Should login and then perform actions",
              "timedOut": null,
              "duration": 25265,
              "state": "passed",
              "speed": "slow",
              "pass": true,
              "fail": false,
              "pending": false,
              "context": null,
              "code": "performLogin();\ncy.log('Performing actions on the Home Page'); // Logging\nsideBarMenu.ClickCategoryItemButton();\nsideBarMenu.checkButtonsAvailabilityAndClickability();\nsideBarMenu.checkButtonsAvailabilityAnd();\nsideBarMenu.OpenCatalogMenu();\nsideBarMenu.checkForChildLinks();\nsideBarMenu.GetBackToLinksList();\nsideBarMenu.OpenAccountInfo();\nsideBarMenu.checkAccountInfo();\nsideBarMenu.GetBackToLinksList();\nsideBarMenu.checkSocialButtonssAvailability();",
              "err": {},
              "uuid": "4b1646ae-8005-4c80-89bc-cbc8b8fc1caf",
              "parentUUID": "10e1c5d7-90cc-4ad5-b9a4-1f086f9ad8c5",
              "isHook": false,
              "skipped": false
            }
          ],
          "suites": [],
          "passes": [
            "4b1646ae-8005-4c80-89bc-cbc8b8fc1caf"
          ],
          "failures": [],
          "pending": [],
          "skipped": [],
          "duration": 25265,
          "root": false,
          "rootEmpty": false,
          "_timeout": 2000
        }
      ],
      "passes": [],
      "failures": [],
      "pending": [],
      "skipped": [],
      "duration": 0,
      "root": true,
      "rootEmpty": true,
      "_timeout": 2000
    }
  ],
  "meta": {
    "mocha": {
      "version": "7.0.1"
    },
    "mochawesome": {
      "options": {
        "quiet": false,
        "reportFilename": "mochawesome",
        "saveHtml": false,
        "saveJson": true,
        "consoleReporter": "spec",
        "useInlineDiffs": false,
        "code": true
      },
      "version": "7.1.3"
    },
    "marge": {
      "options": {
        "reportDir": "cypress/reports",
        "overwrite": false,
        "html": false,
        "json": true
      },
      "version": "6.2.0"
    }
  }
}