{
  "stats": {
    "suites": 1,
    "tests": 1,
    "passes": 1,
    "pending": 0,
    "failures": 0,
    "start": "2023-12-05T19:38:56.374Z",
    "end": "2023-12-05T19:39:22.155Z",
    "duration": 25781,
    "testsRegistered": 1,
    "passPercent": 100,
    "pendingPercent": 0,
    "other": 0,
    "hasOther": false,
    "skipped": 0,
    "hasSkipped": false
  },
  "results": [
    {
      "uuid": "8898952f-4289-4439-8d30-13f6613dafba",
      "title": "",
      "fullFile": "cypress/e2e/OPUS/Mobile/test objects/Side bar/test_SideBarMenu.cy.js",
      "file": "cypress/e2e/OPUS/Mobile/test objects/Side bar/test_SideBarMenu.cy.js",
      "beforeHooks": [],
      "afterHooks": [],
      "tests": [],
      "suites": [
        {
          "uuid": "71dd78a3-d6ad-4465-8397-3c61fc519826",
          "title": "Login and HomePage Tests",
          "fullFile": "",
          "file": "",
          "beforeHooks": [],
          "afterHooks": [],
          "tests": [
            {
              "title": "Should login and then perform actions",
              "fullTitle": "Login and HomePage Tests Should login and then perform actions",
              "timedOut": null,
              "duration": 24355,
              "state": "passed",
              "speed": "slow",
              "pass": true,
              "fail": false,
              "pending": false,
              "context": null,
              "code": "performLogin();\ncy.log('Performing actions on the Home Page'); // Logging\nsideBarMenu.ClickCategoryItemButton();\nsideBarMenu.checkButtonsAvailabilityAndClickability();\nsideBarMenu.checkButtonsAvailabilityAnd();\nsideBarMenu.OpenCatalogMenu();\nsideBarMenu.checkForChildLinks();\nsideBarMenu.GetBackToLinksList();\nsideBarMenu.OpenAccountInfo();\nsideBarMenu.checkAccountInfo();\nsideBarMenu.GetBackToLinksList();\nsideBarMenu.checkSocialButtonssAvailability();",
              "err": {},
              "uuid": "bd761d99-9621-4440-b873-eb238f0d5ffa",
              "parentUUID": "71dd78a3-d6ad-4465-8397-3c61fc519826",
              "isHook": false,
              "skipped": false
            }
          ],
          "suites": [],
          "passes": [
            "bd761d99-9621-4440-b873-eb238f0d5ffa"
          ],
          "failures": [],
          "pending": [],
          "skipped": [],
          "duration": 24355,
          "root": false,
          "rootEmpty": false,
          "_timeout": 2000
        }
      ],
      "passes": [],
      "failures": [],
      "pending": [],
      "skipped": [],
      "duration": 0,
      "root": true,
      "rootEmpty": true,
      "_timeout": 2000
    }
  ],
  "meta": {
    "mocha": {
      "version": "7.0.1"
    },
    "mochawesome": {
      "options": {
        "quiet": false,
        "reportFilename": "mochawesome",
        "saveHtml": false,
        "saveJson": true,
        "consoleReporter": "spec",
        "useInlineDiffs": false,
        "code": true
      },
      "version": "7.1.3"
    },
    "marge": {
      "options": {
        "reportDir": "cypress/reports",
        "overwrite": false,
        "html": false,
        "json": true
      },
      "version": "6.2.0"
    }
  }
}