{
  "stats": {
    "suites": 1,
    "tests": 1,
    "passes": 0,
    "pending": 0,
    "failures": 1,
    "start": "2023-12-05T19:37:26.212Z",
    "end": "2023-12-05T19:38:55.322Z",
    "duration": 89110,
    "testsRegistered": 1,
    "passPercent": 0,
    "pendingPercent": 0,
    "other": 0,
    "hasOther": false,
    "skipped": 0,
    "hasSkipped": false
  },
  "results": [
    {
      "uuid": "028b1c8b-4cda-4911-89b6-820a77af8b75",
      "title": "",
      "fullFile": "cypress/e2e/OPUS/Web/Critical_Path/test_CreditCard.cy.js",
      "file": "cypress/e2e/OPUS/Web/Critical_Path/test_CreditCard.cy.js",
      "beforeHooks": [],
      "afterHooks": [],
      "tests": [],
      "suites": [
        {
          "uuid": "b9f599b3-1607-4acb-ad87-dadf5bbf8e6d",
          "title": "Login and Post-Login Tests",
          "fullFile": "",
          "file": "",
          "beforeHooks": [],
          "afterHooks": [],
          "tests": [
            {
              "title": "Perform Login and Post-Login Actions",
              "fullTitle": "Login and Post-Login Tests Perform Login and Post-Login Actions",
              "timedOut": null,
              "duration": 28448,
              "state": "failed",
              "speed": null,
              "pass": false,
              "fail": true,
              "pending": false,
              "context": null,
              "code": "cy.log('Starting Login Phase'); // Logging actions\nloginPage.visit(); // Navigate to the login page\nloginPage.fillEmail(_Test_data.default.email); // Fill in the Email field\nloginPage.fillPassword(_Test_data.default.password); // Fill in the Password field\nloginPage.clickLoginButton(); // Click the login button\nloginPage.checkNoErrorMessage(); // Check for the absence of error messages\ncy.log('Verifying successful login'); // Logging verification\ncy.wait(WAIT_TIME); // Wait\ncy.url().should('include', '/home'); // Check the URL\ncy.log('Performing actions on the Home Page'); // Logging\n// Actions on the Home Page\nhomePage.clickCategoryItemButton();\nhomePage.selectCategoryItem_GI();\nhomePage.openFiltersCollection();\nhomePage.selectCheckBoxPocketNurse();\nhomePage.acceptReference();\n//homePage.selectCategoryItemPN();\nhomePage.openCart();\ncy.log('Verifying the cart is not empty'); // Logging\n// Check that cart is not empty\n// cartPage.getAndStoreCartValue();\n// expect(cartPage.cartValue).to.be.greaterThan(0);\ncy.log('Proceeding to checkout'); // Logging\ncartPage.openProceedCheckoutPage();\ncy.log('Performing actions on the Shipping Page'); // Logging\n// Actions on the Shipping Page\nshippingPage.OpenShippingAddresses();\nshippingPage.SelectShippingAddress();\nshippingPage.AcceptShippingAddress();\nshippingPage.OpenDeliverAddress();\nshippingPage.SelectDeliveryMethod();\n//shippingPage.OpenAddressList();\n//shippingPage.SelectEqualTypeOfShippingAddress();\n//shippingPage.AcceptShippingPreference();\n//shippingPage.OpenDeliveryMethod();\n//shippingPage.SelectDeliveryOption();\nshippingPage.GoNextToBillingPage();\ncy.log('Performing actions on the Billing Page'); // Logging\n// Actions on the Billing Page\nbillingPageCreditCard.OpenPaymentMethod();\nbillingPageCreditCard.SelectPaymentMethodCreditCard();\nbillingPageCreditCard.OpenBillingAddressList();\nbillingPageCreditCard.SelectPaymentAddress();\nbillingPageCreditCard.AcceptPaymentPreference();\n//billingPageCreditCard.OpemSupplierPocketNurseMethod();\n//billingPageCreditCard.SelectPocketNursePaymentMethod();\nbillingPageCreditCard.ReviewOrderButton();\nbillingPageCreditCard.PlaceOrderButton();\nbillingPageCreditCard.GoBackToCart();\nbillingPageCreditCard.PullBackPaymentButton();\nbillingPageCreditCard.PullBackPaymentMethodConfirm();\n//billingPageCreditCard.checkElementAndCompleteTest();\nbillingPageCreditCard.checkElementAndEndTest();",
              "err": {
                "message": "AssertionError: Timed out retrying after 4000ms: Expected to find element: `//*[@id=\"app\"]/div/div[2]/div/div/div[2]/div[1]/div/div[2]/div/div/div[2]/div[1]/div[1]/div[2]/div/p/button`, but never found it.",
                "estack": "AssertionError: Timed out retrying after 4000ms: Expected to find element: `//*[@id=\"app\"]/div/div[2]/div/div/div[2]/div[1]/div/div[2]/div/div/div[2]/div[1]/div[1]/div[2]/div/p/button`, but never found it.\n    at ShippingPage.OpenShippingAddresses (webpack://cypressdemoe2e/./cypress/support/Critical_Path/page_objects/ShippingPage/ShippingPage.js:12:11)\n    at Context.eval (webpack://cypressdemoe2e/./cypress/e2e/OPUS/Web/Critical_Path/test_CreditCard.cy.js:64:17)",
                "diff": null
              },
              "uuid": "6ec1815a-0bd1-4ae9-8f20-87266d1d1a71",
              "parentUUID": "b9f599b3-1607-4acb-ad87-dadf5bbf8e6d",
              "isHook": false,
              "skipped": false
            }
          ],
          "suites": [],
          "passes": [],
          "failures": [
            "6ec1815a-0bd1-4ae9-8f20-87266d1d1a71"
          ],
          "pending": [],
          "skipped": [],
          "duration": 28448,
          "root": false,
          "rootEmpty": false,
          "_timeout": 2000
        }
      ],
      "passes": [],
      "failures": [],
      "pending": [],
      "skipped": [],
      "duration": 0,
      "root": true,
      "rootEmpty": true,
      "_timeout": 2000
    }
  ],
  "meta": {
    "mocha": {
      "version": "7.0.1"
    },
    "mochawesome": {
      "options": {
        "quiet": false,
        "reportFilename": "mochawesome",
        "saveHtml": false,
        "saveJson": true,
        "consoleReporter": "spec",
        "useInlineDiffs": false,
        "code": true
      },
      "version": "7.1.3"
    },
    "marge": {
      "options": {
        "reportDir": "cypress/reports",
        "overwrite": false,
        "html": false,
        "json": true
      },
      "version": "6.2.0"
    }
  }
}