{
  "stats": {
    "suites": 1,
    "tests": 1,
    "passes": 1,
    "pending": 0,
    "failures": 0,
    "start": "2023-12-05T19:35:38.387Z",
    "end": "2023-12-05T19:35:48.986Z",
    "duration": 10599,
    "testsRegistered": 1,
    "passPercent": 100,
    "pendingPercent": 0,
    "other": 0,
    "hasOther": false,
    "skipped": 0,
    "hasSkipped": false
  },
  "results": [
    {
      "uuid": "82c7e61b-d97e-4bd8-9025-e6d1ec11938f",
      "title": "",
      "fullFile": "cypress/e2e/OPUS/Mobile/test objects/Registration_Flow/test_Vendor_registration_procedure.cy.js",
      "file": "cypress/e2e/OPUS/Mobile/test objects/Registration_Flow/test_Vendor_registration_procedure.cy.js",
      "beforeHooks": [],
      "afterHooks": [],
      "tests": [],
      "suites": [
        {
          "uuid": "d3f3520a-925a-4367-bda9-5078ed69df36",
          "title": "Vendor registration procedure test",
          "fullFile": "",
          "file": "",
          "beforeHooks": [],
          "afterHooks": [],
          "tests": [
            {
              "title": "should successfully register a new vendor",
              "fullTitle": "Vendor registration procedure test should successfully register a new vendor",
              "timedOut": null,
              "duration": 9186,
              "state": "passed",
              "speed": "medium",
              "pass": true,
              "fail": false,
              "pending": false,
              "context": null,
              "code": "// Start the registration process\nsupplier_Enrollment_Flow_Verification.CompleteRegistration();\n// Post-registration verification\n// Additional validation steps will be implement here",
              "err": {},
              "uuid": "1814a0f3-bc98-451f-ba6e-4344071e675b",
              "parentUUID": "d3f3520a-925a-4367-bda9-5078ed69df36",
              "isHook": false,
              "skipped": false
            }
          ],
          "suites": [],
          "passes": [
            "1814a0f3-bc98-451f-ba6e-4344071e675b"
          ],
          "failures": [],
          "pending": [],
          "skipped": [],
          "duration": 9186,
          "root": false,
          "rootEmpty": false,
          "_timeout": 2000
        }
      ],
      "passes": [],
      "failures": [],
      "pending": [],
      "skipped": [],
      "duration": 0,
      "root": true,
      "rootEmpty": true,
      "_timeout": 2000
    }
  ],
  "meta": {
    "mocha": {
      "version": "7.0.1"
    },
    "mochawesome": {
      "options": {
        "quiet": false,
        "reportFilename": "mochawesome",
        "saveHtml": false,
        "saveJson": true,
        "consoleReporter": "spec",
        "useInlineDiffs": false,
        "code": true
      },
      "version": "7.1.3"
    },
    "marge": {
      "options": {
        "reportDir": "cypress/reports",
        "overwrite": false,
        "html": false,
        "json": true
      },
      "version": "6.2.0"
    }
  }
}