{
  "stats": {
    "suites": 1,
    "tests": 1,
    "passes": 1,
    "pending": 0,
    "failures": 0,
    "start": "2023-12-05T19:35:22.094Z",
    "end": "2023-12-05T19:35:37.398Z",
    "duration": 15304,
    "testsRegistered": 1,
    "passPercent": 100,
    "pendingPercent": 0,
    "other": 0,
    "hasOther": false,
    "skipped": 0,
    "hasSkipped": false
  },
  "results": [
    {
      "uuid": "85c40a22-8bcc-44eb-9ec0-3fef886252fe",
      "title": "",
      "fullFile": "cypress/e2e/OPUS/Mobile/test objects/Quick connect/test_quickconnect.cy.js",
      "file": "cypress/e2e/OPUS/Mobile/test objects/Quick connect/test_quickconnect.cy.js",
      "beforeHooks": [],
      "afterHooks": [],
      "tests": [],
      "suites": [
        {
          "uuid": "ca1d878f-a766-4de3-981c-54abe4392563",
          "title": "Catalog Images Validation after Login",
          "fullFile": "",
          "file": "",
          "beforeHooks": [],
          "afterHooks": [],
          "tests": [
            {
              "title": "Should login and then validate catalog images",
              "fullTitle": "Catalog Images Validation after Login Should login and then validate catalog images",
              "timedOut": null,
              "duration": 8633,
              "state": "passed",
              "speed": "medium",
              "pass": true,
              "fail": false,
              "pending": false,
              "context": null,
              "code": "// Phase 1: Logging in\ncy.log('--- Starting Login Phase ---');\ncy.log('Visiting login page...');\nloginPage.visit(); // Navigate to the login page\ncy.log('Filling in email...');\nloginPage.fillEmail(_Test_data.default.email); // Enter email in the login form\ncy.log('Filling in password...');\nloginPage.fillPassword(_Test_data.default.password); // Enter password in the login form\ncy.log('Clicking login button...');\nloginPage.clickLoginButton(); // Trigger the login process\ncy.log('Checking for absence of error messages...');\nloginPage.checkNoErrorMessage(); // Ensure no login errors are displayed\n// Phase 2: Verification after successful login\ncy.log('--- Verifying Successful Login ---');\n// Check the URL to confirm redirection to the home page after login\ncy.url().should('include', '/home', {\n  timeout: 10000\n});\ncy.log('Successfully logged in and redirected to home page.');\n// Phase 3: Perform actions related to catalog images validation\ncy.log('--- Starting Actions for Catalog Images Validation ---');\ncy.log('Hovering over an element and clicking QUICKCONNECT...');\nquickconnect.hoverAndClickQuickConnect(); // Trigger hover and click on a specific UI elementcy.log('Hover and click action performed.');\ncy.log('Checking for the presence and visibility of the popup...');\nquickconnect.checkForPopup(); // Check for a popup's presence and visibility\ncy.log('Popup presence and visibility verified.');\ncy.log('Entering data into input fields...');\nquickconnect.enterDataInInputs(); // Enter data into various input fields\ncy.log('Data entered into input fields.');\ncy.log('Filling in the supplier note...');\nquickconnect.FillSupplierNote(); // Fill in a note or text area\ncy.log('Supplier note filled.');\ncy.log('Clicking a random available radio button and submitting...');\nquickconnect.clickRandomAvailableRadioButtonAndSubmit(); // Interact with radio buttons and submit a form\ncy.log('Random radio button clicked and form submitted.');\ncy.log('--- Catalog Images Validation Actions Completed ---');",
              "err": {},
              "uuid": "da2662e5-c90a-4e6a-a707-aabe3146ee9a",
              "parentUUID": "ca1d878f-a766-4de3-981c-54abe4392563",
              "isHook": false,
              "skipped": false
            }
          ],
          "suites": [],
          "passes": [
            "da2662e5-c90a-4e6a-a707-aabe3146ee9a"
          ],
          "failures": [],
          "pending": [],
          "skipped": [],
          "duration": 8633,
          "root": false,
          "rootEmpty": false,
          "_timeout": 2000
        }
      ],
      "passes": [],
      "failures": [],
      "pending": [],
      "skipped": [],
      "duration": 0,
      "root": true,
      "rootEmpty": true,
      "_timeout": 2000
    }
  ],
  "meta": {
    "mocha": {
      "version": "7.0.1"
    },
    "mochawesome": {
      "options": {
        "quiet": false,
        "reportFilename": "mochawesome",
        "saveHtml": false,
        "saveJson": true,
        "consoleReporter": "spec",
        "useInlineDiffs": false,
        "code": true
      },
      "version": "7.1.3"
    },
    "marge": {
      "options": {
        "reportDir": "cypress/reports",
        "overwrite": false,
        "html": false,
        "json": true
      },
      "version": "6.2.0"
    }
  }
}